<?xml version="1.0" encoding="UTF-8"?>
<!-- Generated by org.testng.reporters.JUnitReportReporter -->
<testsuite hostname="DESKTOP-BOAEE06" failures="0" tests="1" name="com.novo.testcases.TC_131119_VerifyFontPropInSec2" time="43.156" errors="0" timestamp="2022-11-25T15:37:08 IST" skipped="0">
  <testcase classname="com.novo.testcases.TC_131119_VerifyFontPropInSec2" name="runVerifyFontPropInSec2" time="43.156"/>
  <system-out/>
</testsuite> <!-- com.novo.testcases.TC_131119_VerifyFontPropInSec2 -->
