<?xml version="1.0" encoding="UTF-8"?>
<!-- Generated by org.testng.reporters.JUnitReportReporter -->
<testsuite hostname="DESKTOP-BOAEE06" failures="0" tests="1" name="com.novo.testcases.TC_131142VerifyMouseHoverFunctionality" time="7.595" errors="0" timestamp="2022-11-25T15:37:08 IST" skipped="0">
  <testcase classname="com.novo.testcases.TC_131142VerifyMouseHoverFunctionality" name="runVerifyMouseHoverFunctionality" time="7.595"/>
  <system-out/>
</testsuite> <!-- com.novo.testcases.TC_131142VerifyMouseHoverFunctionality -->
