<?xml version="1.0" encoding="UTF-8"?>
<!-- Generated by org.testng.reporters.JUnitReportReporter -->
<testsuite hostname="DESKTOP-BOAEE06" failures="0" tests="1" name="com.novo.testcases.TC_131118VerifyContImgInSec2" time="14.532" errors="0" timestamp="2022-11-25T15:37:09 IST" skipped="0">
  <testcase classname="com.novo.testcases.TC_131118VerifyContImgInSec2" name="runVerifyContImgInSec2" time="14.532"/>
  <system-out/>
</testsuite> <!-- com.novo.testcases.TC_131118VerifyContImgInSec2 -->
