<?xml version="1.0" encoding="UTF-8"?>
<!-- Generated by org.testng.reporters.JUnitReportReporter -->
<testsuite hostname="DESKTOP-BOAEE06" failures="0" tests="1" name="com.novo.testcases.TC_131108_VerificationNavigationofFooterLinks" time="128.420" errors="0" timestamp="2022-11-25T15:37:08 IST" skipped="0">
  <testcase classname="com.novo.testcases.TC_131108_VerificationNavigationofFooterLinks" name="runVerificationNavigationofFooterLinks" time="128.420"/>
  <system-out/>
</testsuite> <!-- com.novo.testcases.TC_131108_VerificationNavigationofFooterLinks -->
