<?xml version="1.0" encoding="UTF-8"?>
<!-- Generated by org.testng.reporters.JUnitReportReporter -->
<testsuite hostname="DESKTOP-BOAEE06" failures="0" tests="1" name="com.novo.testcases.TC_131138VerifyMetaTitle" time="9.335" errors="0" timestamp="2022-11-25T15:37:09 IST" skipped="0">
  <testcase classname="com.novo.testcases.TC_131138VerifyMetaTitle" name="runVerifyMetaTitle" time="9.335"/>
  <system-out/>
</testsuite> <!-- com.novo.testcases.TC_131138VerifyMetaTitle -->
