<?xml version="1.0" encoding="UTF-8"?>
<!-- Generated by org.testng.reporters.JUnitReportReporter -->
<testsuite hostname="DESKTOP-BOAEE06" failures="0" tests="1" name="com.novo.testcases.TC_131107VerifyFooterContents" time="27.773" errors="0" timestamp="2022-11-25T15:37:09 IST" skipped="0">
  <testcase classname="com.novo.testcases.TC_131107VerifyFooterContents" name="runVerifyFooterContents" time="27.773"/>
  <system-out/>
</testsuite> <!-- com.novo.testcases.TC_131107VerifyFooterContents -->
