<?xml version="1.0" encoding="UTF-8"?>
<!-- Generated by org.testng.reporters.JUnitReportReporter -->
<testsuite hostname="DESKTOP-BOAEE06" failures="0" tests="1" name="com.novo.testcases.TC_131144VerifyFavIcon" time="9.943" errors="0" timestamp="2022-12-02T12:16:48 IST" skipped="0">
  <testcase classname="com.novo.testcases.TC_131144VerifyFavIcon" name="runVerifyFavIcon" time="9.943"/>
  <system-out/>
</testsuite> <!-- com.novo.testcases.TC_131144VerifyFavIcon -->
