<?xml version="1.0" encoding="UTF-8"?>
<!-- Generated by org.testng.reporters.JUnitReportReporter -->
<testsuite hostname="DESKTOP-BOAEE06" failures="0" tests="1" name="com.novo.testcases.TC_131110_VerifyReferenceTextinFooter11" time="17.085" errors="0" timestamp="2022-11-25T15:37:09 IST" skipped="0">
  <testcase classname="com.novo.testcases.TC_131110_VerifyReferenceTextinFooter11" name="runVerifyReferenceTextinFooter" time="17.085"/>
  <system-out/>
</testsuite> <!-- com.novo.testcases.TC_131110_VerifyReferenceTextinFooter11 -->
