<?xml version="1.0" encoding="UTF-8"?>
<!-- Generated by org.testng.reporters.JUnitReportReporter -->
<testsuite hostname="DESKTOP-BOAEE06" failures="0" tests="1" name="com.novo.testcases.TC_131124_VerifyFontPropinSec5" time="48.350" errors="0" timestamp="2022-11-25T15:37:08 IST" skipped="0">
  <testcase classname="com.novo.testcases.TC_131124_VerifyFontPropinSec5" name="runVerifyContImgInSec4" time="48.350"/>
  <system-out/>
</testsuite> <!-- com.novo.testcases.TC_131124_VerifyFontPropinSec5 -->
